<?xml version="1.0" encoding="UTF-8"?>
<!-- Generated by org.testng.reporters.JUnitReportReporter -->
<testsuite hostname="ASDP1511PO01976" name="com.qait.demo.tests.Test_Level3" tests="12" failures="0" timestamp="4 Nov 2016 13:09:00 GMT" time="15.336" errors="0">
  <testcase name="TestStep06_Verify_User_Is_Able_To_Verify_PinCode" time="0.038" classname="com.qait.demo.tests.Test_Level3"/>
  <testcase name="TestStep02_Verify_User_Is_Able_To_View_Ratings_Of_The_Product" time="4.714" classname="com.qait.demo.tests.Test_Level3"/>
  <testcase name="TestStep05_Verify_User_Navigates_To_New_Window" time="0.414" classname="com.qait.demo.tests.Test_Level3"/>
  <testcase name="TestStep08_Verify_User_Is_Able_To_Buy_The_Product" time="2.746" classname="com.qait.demo.tests.Test_Level3"/>
  <testcase name="TestStep11_Verify_Edit_Button_Appears_After_Entering_EmailAddress" time="3.598" classname="com.qait.demo.tests.Test_Level3"/>
  <testcase name="TestStep09_Verify_User_Navigated_To_Shipping_Page" time="0.586" classname="com.qait.demo.tests.Test_Level3"/>
  <testcase name="TestStep01_SearchProduct" time="1.070" classname="com.qait.demo.tests.Test_Level3"/>
  <testcase name="TestStep07_Verify_Similar_Products_Are_Presnt_For_Product_Details_Page" time="0.033" classname="com.qait.demo.tests.Test_Level3"/>
  <testcase name="TestStep10_Verify_User_Is_Able_To_SignUp_For_Application" time="0.147" classname="com.qait.demo.tests.Test_Level3"/>
  <testcase name="TestStep03_Verify_Feilds_Are_Expandable" time="0.325" classname="com.qait.demo.tests.Test_Level3"/>
  <testcase name="TestStep06_Verify_User_Is_Able_To_Naviagte_On_Clicking_The_Product" time="1.569" classname="com.qait.demo.tests.Test_Level3"/>
  <testcase name="TestStep04_Verify_Select_Dropdown_Is_Present" time="0.096" classname="com.qait.demo.tests.Test_Level3"/>
</testsuite> <!-- com.qait.demo.tests.Test_Level3 -->
