<?xml version="1.0" encoding="UTF-8"?>
<!-- Generated by org.testng.reporters.JUnitReportReporter -->
<testsuite hostname="ASDP1511PO01976" name="com.qait.demo.tests.TestLevel2_GenericEcommerseSiteTest_Stubs_Written_Method_Needs_To_Be_Implemented" tests="12" failures="0" timestamp="4 Nov 2016 13:01:53 GMT" time="15.809" errors="0">
  <testcase name="TestStep04_Verify_Select_Dropdown_Is_Present" time="0.201" classname="com.qait.demo.tests.TestLevel2_GenericEcommerseSiteTest_Stubs_Written_Method_Needs_To_Be_Implemented"/>
  <testcase name="TestStep08_Verify_User_Is_Able_To_Buy_The_Product" time="2.884" classname="com.qait.demo.tests.TestLevel2_GenericEcommerseSiteTest_Stubs_Written_Method_Needs_To_Be_Implemented"/>
  <testcase name="TestStep05_Verify_User_Navigates_To_New_Window" time="0.374" classname="com.qait.demo.tests.TestLevel2_GenericEcommerseSiteTest_Stubs_Written_Method_Needs_To_Be_Implemented"/>
  <testcase name="TestStep07_Verify_Similar_Products_Are_Presnt_For_Product_Details_Page" time="0.031" classname="com.qait.demo.tests.TestLevel2_GenericEcommerseSiteTest_Stubs_Written_Method_Needs_To_Be_Implemented"/>
  <testcase name="TestStep11_Verify_Edit_Button_Appears_After_Entering_EmailAddress" time="3.545" classname="com.qait.demo.tests.TestLevel2_GenericEcommerseSiteTest_Stubs_Written_Method_Needs_To_Be_Implemented"/>
  <testcase name="TestStep06_Verify_User_Is_Able_To_Naviagte_On_Clicking_The_Product" time="2.031" classname="com.qait.demo.tests.TestLevel2_GenericEcommerseSiteTest_Stubs_Written_Method_Needs_To_Be_Implemented"/>
  <testcase name="TestStep09_Verify_User_Navigated_To_Shipping_Page" time="0.490" classname="com.qait.demo.tests.TestLevel2_GenericEcommerseSiteTest_Stubs_Written_Method_Needs_To_Be_Implemented"/>
  <testcase name="TestStep10_Verify_User_Is_Able_To_SignUp_For_Application" time="0.143" classname="com.qait.demo.tests.TestLevel2_GenericEcommerseSiteTest_Stubs_Written_Method_Needs_To_Be_Implemented"/>
  <testcase name="TestStep06_Verify_User_Is_Able_To_Verify_PinCode" time="0.030" classname="com.qait.demo.tests.TestLevel2_GenericEcommerseSiteTest_Stubs_Written_Method_Needs_To_Be_Implemented"/>
  <testcase name="TestStep01_SearchProduct" time="0.833" classname="com.qait.demo.tests.TestLevel2_GenericEcommerseSiteTest_Stubs_Written_Method_Needs_To_Be_Implemented"/>
  <testcase name="TestStep03_Verify_Feilds_Are_Expandable" time="0.309" classname="com.qait.demo.tests.TestLevel2_GenericEcommerseSiteTest_Stubs_Written_Method_Needs_To_Be_Implemented"/>
  <testcase name="TestStep02_Verify_User_Is_Able_To_View_Ratings_Of_The_Product" time="4.938" classname="com.qait.demo.tests.TestLevel2_GenericEcommerseSiteTest_Stubs_Written_Method_Needs_To_Be_Implemented"/>
</testsuite> <!-- com.qait.demo.tests.TestLevel2_GenericEcommerseSiteTest_Stubs_Written_Method_Needs_To_Be_Implemented -->
