<?xml version="1.0" encoding="UTF-8"?>
<!-- Generated by org.testng.reporters.JUnitReportReporter -->
<testsuite hostname="ASDP1511PO01976" name="com.qait.demo.tests.TestLevel1_SnapDeal_Selenium_Imported_From_IDE_Broken_Needs_To_Be_Fixed" tests="1" failures="0" timestamp="3 Nov 2016 09:57:58 GMT" time="9.784" errors="0">
  <testcase name="testECommerceSite" time="9.784" classname="com.qait.demo.tests.TestLevel1_SnapDeal_Selenium_Imported_From_IDE_Broken_Needs_To_Be_Fixed"/>
</testsuite> <!-- com.qait.demo.tests.TestLevel1_SnapDeal_Selenium_Imported_From_IDE_Broken_Needs_To_Be_Fixed -->
